Mon, 01 May 2023 17:49:39  INFO collecting all words and their counts
Mon, 01 May 2023 17:49:39  INFO PROGRESS: at sentence #0, processed 0 words, keeping 0 word types
Mon, 01 May 2023 17:49:39  INFO PROGRESS: at sentence #10000, processed 250000 words, keeping 2705 word types
Mon, 01 May 2023 17:49:39  INFO PROGRESS: at sentence #20000, processed 500000 words, keeping 2705 word types
Mon, 01 May 2023 17:49:39  INFO PROGRESS: at sentence #30000, processed 750000 words, keeping 2705 word types
Mon, 01 May 2023 17:49:39  INFO PROGRESS: at sentence #40000, processed 1000000 words, keeping 2705 word types
Mon, 01 May 2023 17:49:39  INFO PROGRESS: at sentence #50000, processed 1250000 words, keeping 2705 word types
Mon, 01 May 2023 17:49:39  INFO PROGRESS: at sentence #60000, processed 1500000 words, keeping 2705 word types
Mon, 01 May 2023 17:49:39  INFO PROGRESS: at sentence #70000, processed 1750000 words, keeping 2705 word types
Mon, 01 May 2023 17:49:39  INFO PROGRESS: at sentence #80000, processed 2000000 words, keeping 2705 word types
Mon, 01 May 2023 17:49:39  INFO PROGRESS: at sentence #90000, processed 2250000 words, keeping 2705 word types
Mon, 01 May 2023 17:49:39  INFO PROGRESS: at sentence #100000, processed 2500000 words, keeping 2705 word types
Mon, 01 May 2023 17:49:39  INFO PROGRESS: at sentence #110000, processed 2750000 words, keeping 2705 word types
Mon, 01 May 2023 17:49:39  INFO PROGRESS: at sentence #120000, processed 3000000 words, keeping 2705 word types
Mon, 01 May 2023 17:49:39  INFO PROGRESS: at sentence #130000, processed 3250000 words, keeping 2705 word types
Mon, 01 May 2023 17:49:39  INFO PROGRESS: at sentence #140000, processed 3500000 words, keeping 2705 word types
Mon, 01 May 2023 17:49:39  INFO PROGRESS: at sentence #150000, processed 3750000 words, keeping 2705 word types
Mon, 01 May 2023 17:49:40  INFO PROGRESS: at sentence #160000, processed 4000000 words, keeping 2705 word types
Mon, 01 May 2023 17:49:40  INFO PROGRESS: at sentence #170000, processed 4250000 words, keeping 2705 word types
Mon, 01 May 2023 17:49:40  INFO PROGRESS: at sentence #180000, processed 4500000 words, keeping 2705 word types
Mon, 01 May 2023 17:49:40  INFO PROGRESS: at sentence #190000, processed 4750000 words, keeping 2705 word types
Mon, 01 May 2023 17:49:40  INFO PROGRESS: at sentence #200000, processed 5000000 words, keeping 2705 word types
Mon, 01 May 2023 17:49:40  INFO PROGRESS: at sentence #210000, processed 5250000 words, keeping 2705 word types
Mon, 01 May 2023 17:49:40  INFO PROGRESS: at sentence #220000, processed 5500000 words, keeping 2705 word types
Mon, 01 May 2023 17:49:40  INFO PROGRESS: at sentence #230000, processed 5750000 words, keeping 2705 word types
Mon, 01 May 2023 17:49:40  INFO PROGRESS: at sentence #240000, processed 6000000 words, keeping 2705 word types
Mon, 01 May 2023 17:49:40  INFO PROGRESS: at sentence #250000, processed 6250000 words, keeping 2705 word types
Mon, 01 May 2023 17:49:40  INFO PROGRESS: at sentence #260000, processed 6500000 words, keeping 2705 word types
Mon, 01 May 2023 17:49:40  INFO PROGRESS: at sentence #270000, processed 6750000 words, keeping 2705 word types
Mon, 01 May 2023 17:49:40  INFO PROGRESS: at sentence #280000, processed 7000000 words, keeping 2705 word types
Mon, 01 May 2023 17:49:40  INFO PROGRESS: at sentence #290000, processed 7250000 words, keeping 2705 word types
Mon, 01 May 2023 17:49:40  INFO PROGRESS: at sentence #300000, processed 7500000 words, keeping 2705 word types
Mon, 01 May 2023 17:49:40  INFO PROGRESS: at sentence #310000, processed 7750000 words, keeping 2705 word types
Mon, 01 May 2023 17:49:40  INFO PROGRESS: at sentence #320000, processed 8000000 words, keeping 2705 word types
Mon, 01 May 2023 17:49:40  INFO PROGRESS: at sentence #330000, processed 8250000 words, keeping 2705 word types
Mon, 01 May 2023 17:49:40  INFO PROGRESS: at sentence #340000, processed 8500000 words, keeping 2705 word types
Mon, 01 May 2023 17:49:40  INFO PROGRESS: at sentence #350000, processed 8750000 words, keeping 2705 word types
Mon, 01 May 2023 17:49:40  INFO PROGRESS: at sentence #360000, processed 9000000 words, keeping 2705 word types
Mon, 01 May 2023 17:49:40  INFO PROGRESS: at sentence #370000, processed 9250000 words, keeping 2705 word types
Mon, 01 May 2023 17:49:40  INFO PROGRESS: at sentence #380000, processed 9500000 words, keeping 2705 word types
Mon, 01 May 2023 17:49:41  INFO PROGRESS: at sentence #390000, processed 9750000 words, keeping 2705 word types
Mon, 01 May 2023 17:49:41  INFO PROGRESS: at sentence #400000, processed 10000000 words, keeping 2705 word types
Mon, 01 May 2023 17:49:41  INFO PROGRESS: at sentence #410000, processed 10250000 words, keeping 2705 word types
Mon, 01 May 2023 17:49:41  INFO PROGRESS: at sentence #420000, processed 10500000 words, keeping 2705 word types
Mon, 01 May 2023 17:49:41  INFO PROGRESS: at sentence #430000, processed 10750000 words, keeping 2705 word types
Mon, 01 May 2023 17:49:41  INFO PROGRESS: at sentence #440000, processed 11000000 words, keeping 2705 word types
Mon, 01 May 2023 17:49:41  INFO PROGRESS: at sentence #450000, processed 11250000 words, keeping 2705 word types
Mon, 01 May 2023 17:49:41  INFO PROGRESS: at sentence #460000, processed 11500000 words, keeping 2705 word types
Mon, 01 May 2023 17:49:41  INFO PROGRESS: at sentence #470000, processed 11750000 words, keeping 2705 word types
Mon, 01 May 2023 17:49:41  INFO collected 2705 word types from a corpus of 11834375 raw words and 473375 sentences
Mon, 01 May 2023 17:49:41  INFO Creating a fresh vocabulary
Mon, 01 May 2023 17:49:41  DEBUG starting a new internal lifecycle event log for Word2Vec
Mon, 01 May 2023 17:49:41  INFO Word2Vec lifecycle event {'msg': 'effective_min_count=0 retains 2705 unique words (100.00% of original 2705, drops 0)', 'datetime': '2023-05-01T17:49:41.345713', 'gensim': '4.2.0', 'python': '3.8.12 (default, Oct 12 2021, 13:49:34) \n[GCC 7.5.0]', 'platform': 'Linux-5.8.0-63-generic-x86_64-with-glibc2.17', 'event': 'prepare_vocab'}
Mon, 01 May 2023 17:49:41  INFO Word2Vec lifecycle event {'msg': 'effective_min_count=0 leaves 11834375 word corpus (100.00% of original 11834375, drops 0)', 'datetime': '2023-05-01T17:49:41.368792', 'gensim': '4.2.0', 'python': '3.8.12 (default, Oct 12 2021, 13:49:34) \n[GCC 7.5.0]', 'platform': 'Linux-5.8.0-63-generic-x86_64-with-glibc2.17', 'event': 'prepare_vocab'}
Mon, 01 May 2023 17:49:41  INFO deleting the raw counts dictionary of 2705 items
Mon, 01 May 2023 17:49:41  INFO sample=0.001 downsamples 0 most-common words
Mon, 01 May 2023 17:49:41  INFO Word2Vec lifecycle event {'msg': 'downsampling leaves estimated 11834375 word corpus (100.0%% of prior 11834375)', 'datetime': '2023-05-01T17:49:41.381775', 'gensim': '4.2.0', 'python': '3.8.12 (default, Oct 12 2021, 13:49:34) \n[GCC 7.5.0]', 'platform': 'Linux-5.8.0-63-generic-x86_64-with-glibc2.17', 'event': 'prepare_vocab'}
Mon, 01 May 2023 17:49:41  INFO estimated required memory for 2705 words and 128 dimensions: 4122420 bytes
Mon, 01 May 2023 17:49:41  INFO resetting layer weights
Mon, 01 May 2023 17:49:41  INFO Word2Vec lifecycle event {'update': False, 'trim_rule': 'None', 'datetime': '2023-05-01T17:49:41.406046', 'gensim': '4.2.0', 'python': '3.8.12 (default, Oct 12 2021, 13:49:34) \n[GCC 7.5.0]', 'platform': 'Linux-5.8.0-63-generic-x86_64-with-glibc2.17', 'event': 'build_vocab'}
Mon, 01 May 2023 17:49:41  INFO Word2Vec lifecycle event {'msg': 'training model with 4 workers on 2705 vocabulary and 128 features, using sg=0 hs=0 sample=0.001 negative=5 window=5 shrink_windows=True', 'datetime': '2023-05-01T17:49:41.406206', 'gensim': '4.2.0', 'python': '3.8.12 (default, Oct 12 2021, 13:49:34) \n[GCC 7.5.0]', 'platform': 'Linux-5.8.0-63-generic-x86_64-with-glibc2.17', 'event': 'train'}
Mon, 01 May 2023 17:49:42  INFO EPOCH 0 - PROGRESS: at 16.56% examples, 1955560 words/s, in_qsize 7, out_qsize 0
Mon, 01 May 2023 17:49:43  INFO EPOCH 0 - PROGRESS: at 33.88% examples, 2000843 words/s, in_qsize 8, out_qsize 0
Mon, 01 May 2023 17:49:44  INFO EPOCH 0 - PROGRESS: at 51.29% examples, 2019756 words/s, in_qsize 7, out_qsize 0
Mon, 01 May 2023 17:49:45  INFO EPOCH 0 - PROGRESS: at 68.78% examples, 2031057 words/s, in_qsize 7, out_qsize 0
Mon, 01 May 2023 17:49:46  INFO EPOCH 0 - PROGRESS: at 85.94% examples, 2028304 words/s, in_qsize 7, out_qsize 0
Mon, 01 May 2023 17:49:47  DEBUG job loop exiting, total 1184 jobs
Mon, 01 May 2023 17:49:47  DEBUG worker exiting, processed 296 jobs
Mon, 01 May 2023 17:49:47  DEBUG worker thread finished; awaiting finish of 3 more threads
Mon, 01 May 2023 17:49:47  DEBUG worker exiting, processed 296 jobs
Mon, 01 May 2023 17:49:47  DEBUG worker thread finished; awaiting finish of 2 more threads
Mon, 01 May 2023 17:49:47  DEBUG worker exiting, processed 296 jobs
Mon, 01 May 2023 17:49:47  DEBUG worker thread finished; awaiting finish of 1 more threads
Mon, 01 May 2023 17:49:47  DEBUG worker exiting, processed 296 jobs
Mon, 01 May 2023 17:49:47  DEBUG worker thread finished; awaiting finish of 0 more threads
Mon, 01 May 2023 17:49:47  INFO EPOCH 0: training on 11834375 raw words (11834375 effective words) took 5.8s, 2034255 effective words/s
Mon, 01 May 2023 17:49:48  INFO EPOCH 1 - PROGRESS: at 16.31% examples, 1916349 words/s, in_qsize 8, out_qsize 0
Mon, 01 May 2023 17:49:49  INFO EPOCH 1 - PROGRESS: at 33.21% examples, 1956351 words/s, in_qsize 8, out_qsize 0
Mon, 01 May 2023 17:49:50  INFO EPOCH 1 - PROGRESS: at 50.53% examples, 1985762 words/s, in_qsize 7, out_qsize 0
Mon, 01 May 2023 17:49:51  INFO EPOCH 1 - PROGRESS: at 66.59% examples, 1964244 words/s, in_qsize 7, out_qsize 0
Mon, 01 May 2023 17:49:52  INFO EPOCH 1 - PROGRESS: at 83.23% examples, 1964063 words/s, in_qsize 7, out_qsize 0
Mon, 01 May 2023 17:49:53  DEBUG job loop exiting, total 1184 jobs
Mon, 01 May 2023 17:49:53  DEBUG worker exiting, processed 295 jobs
Mon, 01 May 2023 17:49:53  DEBUG worker thread finished; awaiting finish of 3 more threads
Mon, 01 May 2023 17:49:53  DEBUG worker exiting, processed 297 jobs
Mon, 01 May 2023 17:49:53  DEBUG worker thread finished; awaiting finish of 2 more threads
Mon, 01 May 2023 17:49:53  DEBUG worker exiting, processed 296 jobs
Mon, 01 May 2023 17:49:53  DEBUG worker thread finished; awaiting finish of 1 more threads
Mon, 01 May 2023 17:49:53  DEBUG worker exiting, processed 296 jobs
Mon, 01 May 2023 17:49:53  DEBUG worker thread finished; awaiting finish of 0 more threads
Mon, 01 May 2023 17:49:53  INFO EPOCH 1: training on 11834375 raw words (11834375 effective words) took 6.0s, 1981274 effective words/s
Mon, 01 May 2023 17:49:54  INFO EPOCH 2 - PROGRESS: at 16.56% examples, 1956985 words/s, in_qsize 7, out_qsize 0
Mon, 01 May 2023 17:49:55  INFO EPOCH 2 - PROGRESS: at 33.72% examples, 1987668 words/s, in_qsize 7, out_qsize 0
Mon, 01 May 2023 17:49:56  INFO EPOCH 2 - PROGRESS: at 48.67% examples, 1913538 words/s, in_qsize 8, out_qsize 0
Mon, 01 May 2023 17:49:57  INFO EPOCH 2 - PROGRESS: at 65.83% examples, 1941772 words/s, in_qsize 8, out_qsize 0
Mon, 01 May 2023 17:49:58  INFO EPOCH 2 - PROGRESS: at 82.64% examples, 1950925 words/s, in_qsize 8, out_qsize 0
Mon, 01 May 2023 17:49:59  DEBUG job loop exiting, total 1184 jobs
Mon, 01 May 2023 17:49:59  DEBUG worker exiting, processed 297 jobs
Mon, 01 May 2023 17:49:59  INFO EPOCH 2 - PROGRESS: at 99.79% examples, 1963043 words/s, in_qsize 3, out_qsize 1
Mon, 01 May 2023 17:49:59  DEBUG worker thread finished; awaiting finish of 3 more threads
Mon, 01 May 2023 17:49:59  DEBUG worker exiting, processed 296 jobs
Mon, 01 May 2023 17:49:59  DEBUG worker thread finished; awaiting finish of 2 more threads
Mon, 01 May 2023 17:49:59  DEBUG worker exiting, processed 295 jobs
Mon, 01 May 2023 17:49:59  DEBUG worker thread finished; awaiting finish of 1 more threads
Mon, 01 May 2023 17:49:59  DEBUG worker exiting, processed 296 jobs
Mon, 01 May 2023 17:49:59  DEBUG worker thread finished; awaiting finish of 0 more threads
Mon, 01 May 2023 17:49:59  INFO EPOCH 2: training on 11834375 raw words (11834375 effective words) took 6.0s, 1964345 effective words/s
Mon, 01 May 2023 17:50:00  INFO EPOCH 3 - PROGRESS: at 16.73% examples, 1967672 words/s, in_qsize 7, out_qsize 0
Mon, 01 May 2023 17:50:01  INFO EPOCH 3 - PROGRESS: at 33.88% examples, 1995549 words/s, in_qsize 8, out_qsize 0
Mon, 01 May 2023 17:50:02  INFO EPOCH 3 - PROGRESS: at 50.78% examples, 1994331 words/s, in_qsize 8, out_qsize 0
Mon, 01 May 2023 17:50:03  INFO EPOCH 3 - PROGRESS: at 68.02% examples, 2004080 words/s, in_qsize 8, out_qsize 0
Mon, 01 May 2023 17:50:04  INFO EPOCH 3 - PROGRESS: at 84.75% examples, 1998603 words/s, in_qsize 7, out_qsize 0
Mon, 01 May 2023 17:50:05  DEBUG job loop exiting, total 1184 jobs
Mon, 01 May 2023 17:50:05  DEBUG worker exiting, processed 296 jobs
Mon, 01 May 2023 17:50:05  DEBUG worker thread finished; awaiting finish of 3 more threads
Mon, 01 May 2023 17:50:05  DEBUG worker exiting, processed 296 jobs
Mon, 01 May 2023 17:50:05  DEBUG worker thread finished; awaiting finish of 2 more threads
Mon, 01 May 2023 17:50:05  DEBUG worker exiting, processed 296 jobs
Mon, 01 May 2023 17:50:05  DEBUG worker thread finished; awaiting finish of 1 more threads
Mon, 01 May 2023 17:50:05  DEBUG worker exiting, processed 296 jobs
Mon, 01 May 2023 17:50:05  DEBUG worker thread finished; awaiting finish of 0 more threads
Mon, 01 May 2023 17:50:05  INFO EPOCH 3: training on 11834375 raw words (11834375 effective words) took 5.9s, 2005230 effective words/s
Mon, 01 May 2023 17:50:06  INFO EPOCH 4 - PROGRESS: at 16.56% examples, 1951595 words/s, in_qsize 7, out_qsize 0
Mon, 01 May 2023 17:50:07  INFO EPOCH 4 - PROGRESS: at 33.88% examples, 2000301 words/s, in_qsize 8, out_qsize 0
Mon, 01 May 2023 17:50:08  INFO EPOCH 4 - PROGRESS: at 50.62% examples, 1990266 words/s, in_qsize 8, out_qsize 0
Mon, 01 May 2023 17:50:09  INFO EPOCH 4 - PROGRESS: at 64.90% examples, 1910763 words/s, in_qsize 7, out_qsize 0
Mon, 01 May 2023 17:50:10  INFO EPOCH 4 - PROGRESS: at 77.82% examples, 1831165 words/s, in_qsize 7, out_qsize 0
Mon, 01 May 2023 17:50:11  INFO EPOCH 4 - PROGRESS: at 93.88% examples, 1841742 words/s, in_qsize 8, out_qsize 0
Mon, 01 May 2023 17:50:11  DEBUG job loop exiting, total 1184 jobs
Mon, 01 May 2023 17:50:11  DEBUG worker exiting, processed 314 jobs
Mon, 01 May 2023 17:50:11  DEBUG worker thread finished; awaiting finish of 3 more threads
Mon, 01 May 2023 17:50:11  DEBUG worker exiting, processed 280 jobs
Mon, 01 May 2023 17:50:11  DEBUG worker thread finished; awaiting finish of 2 more threads
Mon, 01 May 2023 17:50:11  DEBUG worker exiting, processed 311 jobs
Mon, 01 May 2023 17:50:11  DEBUG worker thread finished; awaiting finish of 1 more threads
Mon, 01 May 2023 17:50:11  DEBUG worker exiting, processed 279 jobs
Mon, 01 May 2023 17:50:11  DEBUG worker thread finished; awaiting finish of 0 more threads
Mon, 01 May 2023 17:50:11  INFO EPOCH 4: training on 11834375 raw words (11834375 effective words) took 6.5s, 1831789 effective words/s
Mon, 01 May 2023 17:50:11  INFO Word2Vec lifecycle event {'msg': 'training on 59171875 raw words (59171875 effective words) took 30.2s, 1958962 effective words/s', 'datetime': '2023-05-01T17:50:11.612051', 'gensim': '4.2.0', 'python': '3.8.12 (default, Oct 12 2021, 13:49:34) \n[GCC 7.5.0]', 'platform': 'Linux-5.8.0-63-generic-x86_64-with-glibc2.17', 'event': 'train'}
Mon, 01 May 2023 17:50:11  INFO Word2Vec lifecycle event {'params': 'Word2Vec<vocab=2705, vector_size=128, alpha=0.025>', 'datetime': '2023-05-01T17:50:11.612276', 'gensim': '4.2.0', 'python': '3.8.12 (default, Oct 12 2021, 13:49:34) \n[GCC 7.5.0]', 'platform': 'Linux-5.8.0-63-generic-x86_64-with-glibc2.17', 'event': 'created'}
Mon, 01 May 2023 17:50:12  INFO train acc = 0.5724852085113525
Mon, 01 May 2023 17:50:12  INFO val acc: 0.5798816680908203, Performance is better... saving the model
Mon, 01 May 2023 17:50:12  INFO train acc = 0.7381656765937805
Mon, 01 May 2023 17:50:12  INFO val acc: 0.7307692170143127, Performance is better... saving the model
Mon, 01 May 2023 17:50:12  INFO train acc = 0.7426035404205322
Mon, 01 May 2023 17:50:12  INFO val acc: 0.726331353187561, EarlyStopping counter: 1 out of 10
Mon, 01 May 2023 17:50:12  INFO train acc = 0.7418639063835144
Mon, 01 May 2023 17:50:12  INFO val acc: 0.7337278127670288, Performance is better... saving the model
Mon, 01 May 2023 17:50:12  INFO train acc = 0.7403846383094788
Mon, 01 May 2023 17:50:12  INFO val acc: 0.7322485446929932, EarlyStopping counter: 1 out of 10
Mon, 01 May 2023 17:50:12  INFO train acc = 0.7418639063835144
Mon, 01 May 2023 17:50:12  INFO val acc: 0.7322485446929932, EarlyStopping counter: 2 out of 10
Mon, 01 May 2023 17:50:12  INFO train acc = 0.7374260425567627
Mon, 01 May 2023 17:50:12  INFO val acc: 0.7278106808662415, EarlyStopping counter: 3 out of 10
Mon, 01 May 2023 17:50:12  INFO train acc = 0.7403846383094788
Mon, 01 May 2023 17:50:12  INFO val acc: 0.7233728170394897, EarlyStopping counter: 4 out of 10
Mon, 01 May 2023 17:50:12  INFO train acc = 0.7418639063835144
Mon, 01 May 2023 17:50:12  INFO val acc: 0.7337278127670288, Performance is better... saving the model
Mon, 01 May 2023 17:50:13  INFO train acc = 0.7411242723464966
Mon, 01 May 2023 17:50:13  INFO val acc: 0.7307692170143127, EarlyStopping counter: 1 out of 10
Mon, 01 May 2023 17:50:13  INFO train acc = 0.7418639063835144
Mon, 01 May 2023 17:50:13  INFO val acc: 0.726331353187561, EarlyStopping counter: 2 out of 10
Mon, 01 May 2023 17:50:13  INFO train acc = 0.7440828680992126
Mon, 01 May 2023 17:50:13  INFO val acc: 0.7307692170143127, EarlyStopping counter: 3 out of 10
Mon, 01 May 2023 17:50:13  INFO train acc = 0.7396450042724609
Mon, 01 May 2023 17:50:13  INFO val acc: 0.7322485446929932, EarlyStopping counter: 4 out of 10
Mon, 01 May 2023 17:50:13  INFO train acc = 0.7403846383094788
Mon, 01 May 2023 17:50:13  INFO val acc: 0.7366864085197449, Performance is better... saving the model
Mon, 01 May 2023 17:50:13  INFO train acc = 0.7440828680992126
Mon, 01 May 2023 17:50:13  INFO val acc: 0.7322485446929932, EarlyStopping counter: 1 out of 10
Mon, 01 May 2023 17:50:13  INFO train acc = 0.7448225021362305
Mon, 01 May 2023 17:50:13  INFO val acc: 0.7307692170143127, EarlyStopping counter: 2 out of 10
Mon, 01 May 2023 17:50:13  INFO train acc = 0.7448225021362305
Mon, 01 May 2023 17:50:13  INFO val acc: 0.7307692170143127, EarlyStopping counter: 3 out of 10
Mon, 01 May 2023 17:50:13  INFO train acc = 0.7426035404205322
Mon, 01 May 2023 17:50:13  INFO val acc: 0.7292899489402771, EarlyStopping counter: 4 out of 10
Mon, 01 May 2023 17:50:13  INFO train acc = 0.7433432340621948
Mon, 01 May 2023 17:50:13  INFO val acc: 0.7307692170143127, EarlyStopping counter: 5 out of 10
Mon, 01 May 2023 17:50:13  INFO train acc = 0.7485207319259644
Mon, 01 May 2023 17:50:13  INFO val acc: 0.7337278127670288, EarlyStopping counter: 6 out of 10
Mon, 01 May 2023 17:50:13  INFO train acc = 0.7492603659629822
Mon, 01 May 2023 17:50:13  INFO val acc: 0.7411242723464966, Performance is better... saving the model
Mon, 01 May 2023 17:50:13  INFO train acc = 0.75
Mon, 01 May 2023 17:50:13  INFO val acc: 0.7381656765937805, EarlyStopping counter: 1 out of 10
Mon, 01 May 2023 17:50:13  INFO train acc = 0.7477810978889465
Mon, 01 May 2023 17:50:13  INFO val acc: 0.7322485446929932, EarlyStopping counter: 2 out of 10
Mon, 01 May 2023 17:50:14  INFO train acc = 0.7514793276786804
Mon, 01 May 2023 17:50:14  INFO val acc: 0.726331353187561, EarlyStopping counter: 3 out of 10
Mon, 01 May 2023 17:50:14  INFO train acc = 0.7455621361732483
Mon, 01 May 2023 17:50:14  INFO val acc: 0.7352070808410645, EarlyStopping counter: 4 out of 10
Mon, 01 May 2023 17:50:14  INFO train acc = 0.7522189617156982
Mon, 01 May 2023 17:50:14  INFO val acc: 0.7366864085197449, EarlyStopping counter: 5 out of 10
Mon, 01 May 2023 17:50:14  INFO train acc = 0.7522189617156982
Mon, 01 May 2023 17:50:14  INFO val acc: 0.7440828680992126, Performance is better... saving the model
Mon, 01 May 2023 17:50:14  INFO train acc = 0.7536982297897339
Mon, 01 May 2023 17:50:14  INFO val acc: 0.7322485446929932, EarlyStopping counter: 1 out of 10
Mon, 01 May 2023 17:50:14  INFO train acc = 0.7522189617156982
Mon, 01 May 2023 17:50:14  INFO val acc: 0.7426035404205322, EarlyStopping counter: 2 out of 10
Mon, 01 May 2023 17:50:14  INFO train acc = 0.7588757276535034
Mon, 01 May 2023 17:50:14  INFO val acc: 0.7366864085197449, EarlyStopping counter: 3 out of 10
Mon, 01 May 2023 17:50:14  INFO train acc = 0.7544378638267517
Mon, 01 May 2023 17:50:14  INFO val acc: 0.7544378638267517, Performance is better... saving the model
Mon, 01 May 2023 17:50:14  INFO train acc = 0.7551774978637695
Mon, 01 May 2023 17:50:14  INFO val acc: 0.7366864085197449, EarlyStopping counter: 1 out of 10
Mon, 01 May 2023 17:50:14  INFO train acc = 0.75665682554245
Mon, 01 May 2023 17:50:14  INFO val acc: 0.7381656765937805, EarlyStopping counter: 2 out of 10
Mon, 01 May 2023 17:50:14  INFO train acc = 0.7581360936164856
Mon, 01 May 2023 17:50:14  INFO val acc: 0.7366864085197449, EarlyStopping counter: 3 out of 10
Mon, 01 May 2023 17:50:14  INFO train acc = 0.7581360936164856
Mon, 01 May 2023 17:50:14  INFO val acc: 0.7366864085197449, EarlyStopping counter: 4 out of 10
Mon, 01 May 2023 17:50:14  INFO train acc = 0.75665682554245
Mon, 01 May 2023 17:50:14  INFO val acc: 0.7381656765937805, EarlyStopping counter: 5 out of 10
Mon, 01 May 2023 17:50:14  INFO train acc = 0.7581360936164856
Mon, 01 May 2023 17:50:14  INFO val acc: 0.7307692170143127, EarlyStopping counter: 6 out of 10
Mon, 01 May 2023 17:50:14  INFO train acc = 0.7603550553321838
Mon, 01 May 2023 17:50:14  INFO val acc: 0.7366864085197449, EarlyStopping counter: 7 out of 10
Mon, 01 May 2023 17:50:15  INFO train acc = 0.7647929191589355
Mon, 01 May 2023 17:50:15  INFO val acc: 0.7411242723464966, EarlyStopping counter: 8 out of 10
Mon, 01 May 2023 17:50:15  INFO train acc = 0.759615421295166
Mon, 01 May 2023 17:50:15  INFO val acc: 0.7426035404205322, EarlyStopping counter: 9 out of 10
Mon, 01 May 2023 17:50:15  INFO train acc = 0.7647929191589355
Mon, 01 May 2023 17:50:15  INFO val acc: 0.7411242723464966, EarlyStopping counter: 10 out of 10
Mon, 01 May 2023 17:50:15  INFO loading best model for test
Mon, 01 May 2023 17:50:15  INFO test acc_1 = 0.753323495388031
Mon, 01 May 2023 17:50:15  INFO test precision_1 = 0.7058823704719543
Mon, 01 May 2023 17:50:15  INFO test recall_1 = 0.1325966864824295
Mon, 01 May 2023 17:50:15  INFO test f1_1 = 0.22325582802295685
Mon, 01 May 2023 17:50:15  INFO test auroc = 0.610040545463562
Mon, 01 May 2023 17:50:15  INFO ===================================================
Mon, 01 May 2023 17:50:15  INFO test acc = 0.753323495388031
Mon, 01 May 2023 17:50:15  INFO test precision = 0.7308571934700012
Mon, 01 May 2023 17:50:15  INFO test recall = 0.5562177300453186
Mon, 01 May 2023 17:50:15  INFO test f1 = 0.5383179783821106
Mon, 01 May 2023 17:50:15  INFO test auroc = 0.610040545463562
